<?xml version="1.0" encoding="UTF-8"?>
<!-- Generated by org.testng.reporters.JUnitReportReporter -->
<testsuite hostname="DESKTOP-PNM77A8" failures="0" tests="2" name="runner.HomePageRunner" time="86.601" errors="2" timestamp="2020-09-29T13:57:57 EET" skipped="0">
  <testcase classname="runner.HomePageRunner" name="runScenario" time="45.145">
    <error message="Not all Restaurants are listed !" type="java.lang.Exception">
      <![CDATA[java.lang.Exception: Not all Restaurants are listed !
at applicationpages.RestaurantList.CheckRestaurantsListed(RestaurantList.java:37)
at stepdefs.RestaurantListSteps.restaurantsShouldBeListed(RestaurantListSteps.java:28)
at ✽.Restaurants should be listed(file:src/test/resources/features/HomePage/01_NavigateTo_HomePage.feature:11)
]]>
    </error>
  </testcase> <!-- runScenario -->
  <system-out/>
  <testcase classname="runner.HomePageRunner" name="runScenario" time="41.456">
    <error message="Not all Restaurants are listed !" type="java.lang.Exception">
      <![CDATA[java.lang.Exception: Not all Restaurants are listed !
at applicationpages.RestaurantList.CheckRestaurantsListed(RestaurantList.java:37)
at stepdefs.RestaurantListSteps.restaurantsShouldBeListed(RestaurantListSteps.java:28)
at ✽.Restaurants should be listed(file:src/test/resources/features/HomePage/01_NavigateTo_HomePage.feature:11)
]]>
    </error>
  </testcase> <!-- runScenario -->
  <system-out/>
</testsuite> <!-- runner.HomePageRunner -->
